::ffff:127.0.0.1 - - [10/Jul/2020:06:45:22 +0000] "GET / HTTP/1.1" 200 13 "-" "curl/7.54.0"
::ffff:127.0.0.1 - - [10/Jul/2020:07:26:25 +0000] "GET / HTTP/1.1" 200 13 "-" "curl/7.54.0"
::ffff:127.0.0.1 - - [10/Jul/2020:07:26:29 +0000] "GET / HTTP/1.1" 200 13 "-" "curl/7.54.0"
::ffff:127.0.0.1 - - [10/Jul/2020:07:43:57 +0000] "GET / HTTP/1.1" 200 13 "-" "curl/7.54.0"
::ffff:127.0.0.1 - - [10/Jul/2020:07:44:04 +0000] "GET / HTTP/1.1" 200 13 "-" "curl/7.54.0"
::ffff:127.0.0.1 - - [2020-07-10T07:44:29.270Z] "GET / HTTP/1.1" 200 13 "-" "curl/7.54.0"
::ffff:127.0.0.1      - - [2020-07-10T07:45:13.620Z] "GET / HTTP/1.1" 200 13 "-" "curl/7.54.0"
::ffff:127.0.0.1 

     - - [2020-07-10T07:45:26.094Z] "GET / HTTP/1.1" 200 13 "-" "curl/7.54.0"
[2020-07-10T07:46:21.674Z] ::ffff:127.0.0.1 
 - "GET / HTTP/1.1" 200 13 "-" "curl/7.54.0"
[2020-07-10T07:46:56.322Z] ::ffff:127.0.0.1 - "GET / HTTP/1.1" 200 13 "-" "curl/7.54.0"
[2020-07-10T07:48:05.829Z] remote-addr: ::ffff:127.0.0.1 - "GET / HTTP/1.1" 200 13 "-" "curl/7.54.0"
[2020-07-10T07:51:37.572Z] 

    remote-addr: "::ffff:127.0.0.1" 

    remote-user: "-"  

    method: "GET" 

    url: "/ HTTP/1.1" 

    status: "200" 

    content: "res[content-length]“  

    referrer: "-"  

    user-agent: "curl/7.54.0"
[2020-07-10T07:52:08.073Z] 

    remote-addr: "::ffff:127.0.0.1" 

    remote-user: "-"  

    method: "GET" 

    url: "/ HTTP/1.1" 

    status: "200" 

    content: "res[content-length]“  

    referrer: "-"  

    user-agent: "curl/7.54.0"
[2020-07-10T07:52:50.709Z] 

    remote-addr: "::ffff:127.0.0.1" 
 remote-user: "-"  

    method: "GET" 

    url: "/ HTTP/1.1" 

    status: "200" 

    content: "res[content-length]“  

    referrer: "-"  

    user-agent: "curl/7.54.0"
[2020-07-10T07:53:27.349Z] 

    remote-addr: "::ffff:127.0.0.1"
    remote-user: "-"
    method: "GET" 

    url: "/ HTTP/1.1" 

    status: "200" 

    content: "res[content-length]“  

    referrer: "-"  

    user-agent: "curl/7.54.0"
[2020-07-10T07:54:09.915Z]
    remote-addr: "::ffff:127.0.0.1"
    remote-user: "-"
    method: "GET"
    url: "/ HTTP/1.1"
    status: "200"
    content: "res[content-length]"
    referrer: "-"
    user-agent: "curl/7.54.0"
    
[2020-07-10T07:55:42.560Z]
    remote-addr: "::ffff:127.0.0.1"
    remote-user: "-"
    method: "GET"
    url: "/ HTTP/1.1"
    status: "500"
    content: "res[content-length]"
    referrer: "-"
    user-agent: "curl/7.54.0"
    
[2020-07-10T08:06:20.723Z]
        remote-addr: "::ffff:127.0.0.1"
        remote-user: "-"
        method: "GET"
        url: "/ HTTP/1.1"
        status: "500"
        content: "res[content-length]"
        referrer: "-"
        user-agent: "curl/7.54.0"
    
[2020-07-10T08:06:32.970Z]
        remote-addr: "::ffff:127.0.0.1"
        remote-user: "-"
        method: "GET"
        url: "/ HTTP/1.1"
        status: "200"
        content: "res[content-length]"
        referrer: "-"
        user-agent: "curl/7.54.0"
    
[2020-07-10T08:07:41.012Z]
remote-addr: "::ffff:127.0.0.1"
remote-user: "-"
method: "GET"
url: "/ HTTP/1.1"
status: "500"
content: "res[content-length]"
referrer: "-"
user-agent: "curl/7.54.0"
    
[2020-07-10T08:11:14.772Z]
remote-addr: "::ffff:127.0.0.1"
remote-user: "-"
method: "GET"
url: "/ HTTP/1.1"
status: "500"
content: "res[content-length]"
referrer: "-"
user-agent: "curl/7.54.0"
[2020-07-10T08:11:23.141Z]
remote-addr: "::ffff:127.0.0.1"
remote-user: "-"
method: "GET"
url: "/ HTTP/1.1"
status: "500"
content: "res[content-length]"
referrer: "-"
user-agent: "curl/7.54.0"
[2020-07-10T08:17:18.759Z]
remote-addr: "::ffff:127.0.0.1"
remote-user: "-"
method: "GET"
url: "/ HTTP/1.1"
status: "200"
content: "res[content-length]"
referrer: "-"
user-agent: "curl/7.54.0"
[2020-07-10T08:27:50.440Z]
  remote-addr: "::ffff:127.0.0.1"
  remote-user: "-"
  method: "GET"
  url: "/ HTTP/1.1"
  status: "200"
  content: "res[content-length]"
  referrer: "-"
  user-agent: "curl/7.54.0"
[2020-07-10T08:28:01.944Z]
  remote-addr: "::ffff:127.0.0.1"
  remote-user: "-"
  method: "GET"
  url: "/ HTTP/1.1"
  status: "200"
  content: "res[content-length]"
  referrer: "-"
  user-agent: "curl/7.54.0"
[2020-07-10T08:28:25.706Z]
  remote-addr: "::ffff:127.0.0.1"
  remote-user: "-"
  method: "GET"
  url: "/ HTTP/1.1"
  status: "500"
  content: "res[content-length]"
  referrer: "-"
  user-agent: "curl/7.54.0"
[2020-07-10T08:29:51.330Z]
  remote-addr: "::ffff:127.0.0.1"
  remote-user: "-"
  method: "GET"
  url: "/ HTTP/1.1"
  status: "500"
  content: "res[content-length]"
  referrer: "-"
  user-agent: "curl/7.54.0"
[2020-07-10T08:34:21.592Z]
  remote-addr: "::ffff:127.0.0.1"
  remote-user: "-"
  method: "GET"
  url: "/ HTTP/1.1"
  status: "500"
  content: "res[content-length]"
  referrer: "-"
  user-agent: "curl/7.54.0"
  response: "-"
